<?xml version="1.0" encoding="UTF-8"?>
<testng-results skipped="0" failed="0" ignored="0" total="1" passed="1">
  <reporter-output>
  </reporter-output>
  <suite name="Default suite" duration-ms="48963" started-at="2020-01-29T13:01:14Z" finished-at="2020-01-29T13:02:03Z">
    <groups>
    </groups>
    <test name="Default test" duration-ms="48963" started-at="2020-01-29T13:01:14Z" finished-at="2020-01-29T13:02:03Z">
      <class name="com.qa.assignment2.tests.AddReview">
        <test-method status="PASS" signature="setUpAmazon()[pri:0, instance:com.qa.assignment2.tests.AddReview@20deea7f]" name="setUpAmazon" is-config="true" duration-ms="28168" started-at="2020-01-29T13:01:14Z" finished-at="2020-01-29T13:01:42Z">
          <reporter-output>
          </reporter-output>
        </test-method> <!-- setUpAmazon -->
        <test-method status="PASS" signature="searchAndReview()[pri:0, instance:com.qa.assignment2.tests.AddReview@20deea7f]" name="searchAndReview" duration-ms="20147" started-at="2020-01-29T13:01:42Z" finished-at="2020-01-29T13:02:02Z">
          <reporter-output>
          </reporter-output>
        </test-method> <!-- searchAndReview -->
        <test-method status="PASS" signature="tearDown()[pri:0, instance:com.qa.assignment2.tests.AddReview@20deea7f]" name="tearDown" is-config="true" duration-ms="630" started-at="2020-01-29T13:02:02Z" finished-at="2020-01-29T13:02:03Z">
          <reporter-output>
          </reporter-output>
        </test-method> <!-- tearDown -->
      </class> <!-- com.qa.assignment2.tests.AddReview -->
    </test> <!-- Default test -->
  </suite> <!-- Default suite -->
</testng-results>
